<?xml version="1.0" encoding="UTF-8"?>
<testsuite xmlns:xsi="http://www.w3.org/2001/XMLSchema-instance" xsi:noNamespaceSchemaLocation="https://maven.apache.org/surefire/maven-surefire-plugin/xsd/surefire-test-report.xsd" version="3.0.2" name="com.tencent.HelloGitApplicationTests" time="2.447" tests="1" errors="0" skipped="0" failures="0">
  <properties>
[...]
</properties>
  <testcase name="contextLoads" classname="com.tencent.HelloGitApplicationTests" time="0.656">
    <system-out><![CDATA[15:27:42.288 [main] INFO org.springframework.test.context.support.AnnotationConfigContextLoaderUtils -- Could not detect default configuration classes for test class [com.tencent.HelloGitApplicationTests]: HelloGitApplicationTests does not declare any static, non-private, non-final, nested classes annotated with @Configuration.
15:27:42.384 [main] INFO org.springframework.boot.test.context.SpringBootTestContextBootstrapper -- Found @SpringBootConfiguration com.tencent.HelloGitApplication for test class com.tencent.HelloGitApplicationTests

  .   ____          _            __ _ _
 /\\ / ___'_ __ _ _(_)_ __  __ _ \ \ \ \
( ( )\___ | '_ | '_| | '_ \/ _` | \ \ \ \
 \\/  ___)| |_)| | | | | || (_| |  ) ) ) )
  '  |____| .__|_| |_|_| |_\__, | / / / /
 =========|_|==============|___/=/_/_/_/

 :: Spring Boot ::                (v3.4.0)

2024-11-29T15:27:42.797+08:00  INFO 5652 --- [HelloGit] [           main] com.tencent.HelloGitApplicationTests     : Starting HelloGitApplicationTests using Java 17.0.2 with PID 5652 (started by LDS1217 in D:\code\HelloGit)
2024-11-29T15:27:42.798+08:00  INFO 5652 --- [HelloGit] [           main] com.tencent.HelloGitApplicationTests     : No active profile set, falling back to 1 default profile: "default"
2024-11-29T15:27:43.925+08:00  INFO 5652 --- [HelloGit] [           main] com.tencent.HelloGitApplicationTests     : Started HelloGitApplicationTests in 1.412 seconds (process running for 2.245)
]]></system-out>
  </testcase>
</testsuite>